<?xml version="1.0" encoding="UTF-8"?>
<testsuite name="SILab2Test" tests="2" skipped="0" failures="0" errors="0" timestamp="2020-06-10T22:42:19" hostname="EM" time="0.231">
  <properties/>
  <testcase name="everyPathTest()" classname="SILab2Test" time="0.179"/>
  <testcase name="everyBranchTest()" classname="SILab2Test" time="0.031"/>
  <system-out><![CDATA[]]></system-out>
  <system-err><![CDATA[]]></system-err>
</testsuite>
