<?xml version="1.0" encoding="UTF-8"?>
<testsuite name="SILab2Test" tests="1" skipped="0" failures="0" errors="0" timestamp="2020-06-10T22:21:23" hostname="EM" time="0.093">
  <properties/>
  <testcase name="everyBranchTest()" classname="SILab2Test" time="0.093"/>
  <system-out><![CDATA[]]></system-out>
  <system-err><![CDATA[]]></system-err>
</testsuite>
